<?xml version="1.0" encoding="UTF-8"?>
<!-- Generated by org.testng.reporters.JUnitXMLReporter -->
<testsuite ignored="10" hostname="DESKTOP-IG5V1RQ" failures="0" tests="1" name="Default test" time="9.137" errors="0" timestamp="2024-11-10T13:09:18 EET">
  <testcase classname="MainCodenBoxAutomationLab" name="mouseHover" time="0.023"/>
  <testcase classname="MainCodenBoxAutomationLab" name="radioButton" time="0.0">
    <ignored/>
  </testcase> <!-- radioButton -->
  <testcase classname="MainCodenBoxAutomationLab" name="select" time="0.0">
    <ignored/>
  </testcase> <!-- select -->
  <testcase classname="MainCodenBoxAutomationLab" name="switchOpenTab" time="0.0">
    <ignored/>
  </testcase> <!-- switchOpenTab -->
  <testcase classname="MainCodenBoxAutomationLab" name="isEnabled" time="0.0">
    <ignored/>
  </testcase> <!-- isEnabled -->
  <testcase classname="MainCodenBoxAutomationLab" name="dynamicDropdown" time="0.0">
    <ignored/>
  </testcase> <!-- dynamicDropdown -->
  <testcase classname="MainCodenBoxAutomationLab" name="getDataFromTable" time="0.0">
    <ignored/>
  </testcase> <!-- getDataFromTable -->
  <testcase classname="MainCodenBoxAutomationLab" name="checkBoxs" time="0.0">
    <ignored/>
  </testcase> <!-- checkBoxs -->
  <testcase classname="MainCodenBoxAutomationLab" name="switchAlert" time="0.0">
    <ignored/>
  </testcase> <!-- switchAlert -->
  <testcase classname="MainCodenBoxAutomationLab" name="switchWindow" time="0.0">
    <ignored/>
  </testcase> <!-- switchWindow -->
  <testcase classname="MainCodenBoxAutomationLab" name="isDisplayed" time="0.0">
    <ignored/>
  </testcase> <!-- isDisplayed -->
</testsuite> <!-- Default test -->
