<?xml version="1.0" encoding="UTF-8"?>
<testng-results ignored="10" total="12" passed="2" failed="0" skipped="0">
  <reporter-output>
  </reporter-output>
  <suite started-at="2024-11-10T15:49:22 EET" name="Default suite" finished-at="2024-11-10T15:49:35 EET" duration-ms="12935">
    <groups>
    </groups>
    <test started-at="2024-11-10T15:49:22 EET" name="Default test" finished-at="2024-11-10T15:49:35 EET" duration-ms="12935">
      <class name="MainCodenBoxAutomationLab">
        <test-method is-config="true" signature="setUp()[pri:0, instance:MainCodenBoxAutomationLab@439a8f59]" started-at="2024-11-10T15:49:22 EET" name="setUp" finished-at="2024-11-10T15:49:30 EET" duration-ms="8757" status="PASS">
          <reporter-output>
          </reporter-output>
        </test-method> <!-- setUp -->
        <test-method signature="mouseHover()[pri:11, instance:MainCodenBoxAutomationLab@439a8f59]" started-at="2024-11-10T15:49:31 EET" name="mouseHover" finished-at="2024-11-10T15:49:31 EET" duration-ms="18" status="PASS">
          <reporter-output>
          </reporter-output>
        </test-method> <!-- mouseHover -->
        <test-method signature="calendr()[pri:12, instance:MainCodenBoxAutomationLab@439a8f59]" started-at="2024-11-10T15:49:31 EET" name="calendr" finished-at="2024-11-10T15:49:35 EET" duration-ms="4094" status="PASS">
          <reporter-output>
          </reporter-output>
        </test-method> <!-- calendr -->
      </class> <!-- MainCodenBoxAutomationLab -->
    </test> <!-- Default test -->
  </suite> <!-- Default suite -->
</testng-results>
