<?xml version="1.0" encoding="UTF-8"?>
<testng-results ignored="0" total="2" passed="2" failed="0" skipped="0">
  <reporter-output>
  </reporter-output>
  <suite started-at="2024-11-06T12:56:24 EET" name="Default suite" finished-at="2024-11-06T12:56:35 EET" duration-ms="10365">
    <groups>
    </groups>
    <test started-at="2024-11-06T12:56:24 EET" name="Default test" finished-at="2024-11-06T12:56:35 EET" duration-ms="10365">
      <class name="MainCodenBoxAutomationLab">
        <test-method is-config="true" signature="setUp()[pri:0, instance:MainCodenBoxAutomationLab@6e521c1e]" started-at="2024-11-06T12:56:24 EET" name="setUp" finished-at="2024-11-06T12:56:33 EET" duration-ms="8860" status="PASS">
          <reporter-output>
          </reporter-output>
        </test-method> <!-- setUp -->
        <test-method signature="radioButton()[pri:1, instance:MainCodenBoxAutomationLab@6e521c1e]" started-at="2024-11-06T12:56:33 EET" name="radioButton" finished-at="2024-11-06T12:56:33 EET" duration-ms="152" status="PASS">
          <reporter-output>
          </reporter-output>
        </test-method> <!-- radioButton -->
        <test-method signature="dynamicDropdown()[pri:2, instance:MainCodenBoxAutomationLab@6e521c1e]" started-at="2024-11-06T12:56:33 EET" name="dynamicDropdown" finished-at="2024-11-06T12:56:35 EET" duration-ms="1306" status="PASS">
          <reporter-output>
          </reporter-output>
        </test-method> <!-- dynamicDropdown -->
      </class> <!-- MainCodenBoxAutomationLab -->
    </test> <!-- Default test -->
  </suite> <!-- Default suite -->
</testng-results>
